<?xml version="1.0" encoding="UTF-8"?>
<!-- Generated by org.testng.reporters.JUnitReportReporter -->
<testsuite hostname="MAC-Xiaoming.local" name="pers.xiaoming.elasticsearch_springboot.service.BlogServiceTest" tests="1" failures="0" timestamp="7 Aug 2018 18:39:12 GMT" time="0.102" errors="0">
  <testcase name="testCURD" time="0.102" classname="pers.xiaoming.elasticsearch_springboot.service.BlogServiceTest"/>
</testsuite> <!-- pers.xiaoming.elasticsearch_springboot.service.BlogServiceTest -->
