<?xml version="1.0" encoding="UTF-8"?>
<!-- Generated by org.testng.reporters.JUnitReportReporter -->
<testsuite hostname="MAC-Xiaoming.local" name="pers.xiaoming.elasticsearch_springboot.service.ElasticSearchServiceTest" tests="9" failures="0" timestamp="7 Aug 2018 18:39:12 GMT" time="0.438" errors="0">
  <testcase name="testSearchByAuthorWithPageStartFromPageTwo" time="0.008" classname="pers.xiaoming.elasticsearch_springboot.service.ElasticSearchServiceTest"/>
  <testcase name="testSearchByAuthorWithPage" time="0.021" classname="pers.xiaoming.elasticsearch_springboot.service.ElasticSearchServiceTest"/>
  <testcase name="testSearchByTitleContains" time="0.039" classname="pers.xiaoming.elasticsearch_springboot.service.ElasticSearchServiceTest"/>
  <testcase name="testSearchByTitleContainsAndAuthor" time="0.024" classname="pers.xiaoming.elasticsearch_springboot.service.ElasticSearchServiceTest"/>
  <testcase name="testSearchByAuthorNot" time="0.152" classname="pers.xiaoming.elasticsearch_springboot.service.ElasticSearchServiceTest"/>
  <testcase name="testSearchByTitle" time="0.019" classname="pers.xiaoming.elasticsearch_springboot.service.ElasticSearchServiceTest"/>
  <testcase name="testSearchByContent" time="0.054" classname="pers.xiaoming.elasticsearch_springboot.service.ElasticSearchServiceTest"/>
  <testcase name="testSearchByAuthor" time="0.114" classname="pers.xiaoming.elasticsearch_springboot.service.ElasticSearchServiceTest"/>
  <testcase name="testSearchByAuthorWithPageLimit1" time="0.007" classname="pers.xiaoming.elasticsearch_springboot.service.ElasticSearchServiceTest"/>
</testsuite> <!-- pers.xiaoming.elasticsearch_springboot.service.ElasticSearchServiceTest -->
