<?xml version="1.0" encoding="UTF-8"?>
<testsuite xmlns:xsi="http://www.w3.org/2001/XMLSchema-instance" xsi:noNamespaceSchemaLocation="https://maven.apache.org/surefire/maven-surefire-plugin/xsd/surefire-test-report.xsd" name="TestSuite" time="9.66" tests="10" errors="0" skipped="0" failures="0">
  <properties>
    <property name="gopherProxySet" value="false"/>
    <property name="awt.toolkit" value="sun.lwawt.macosx.LWCToolkit"/>
    <property name="file.encoding.pkg" value="sun.io"/>
    <property name="java.specification.version" value="1.8"/>
    <property name="sun.cpu.isalist" value=""/>
    <property name="sun.jnu.encoding" value="UTF-8"/>
    <property name="java.class.path" value="/Users/xiaoming.sun/Courses/Springboot-elasticsearch/target/test-classes:/Users/xiaoming.sun/Courses/Springboot-elasticsearch/target/classes:/Users/xiaoming.sun/.m2/repository/org/springframework/boot/spring-boot-starter-actuator/2.0.4.RELEASE/spring-boot-starter-actuator-2.0.4.RELEASE.jar:/Users/xiaoming.sun/.m2/repository/org/springframework/boot/spring-boot-starter/2.0.4.RELEASE/spring-boot-starter-2.0.4.RELEASE.jar:/Users/xiaoming.sun/.m2/repository/org/springframework/boot/spring-boot/2.0.4.RELEASE/spring-boot-2.0.4.RELEASE.jar:/Users/xiaoming.sun/.m2/repository/org/springframework/boot/spring-boot-autoconfigure/2.0.4.RELEASE/spring-boot-autoconfigure-2.0.4.RELEASE.jar:/Users/xiaoming.sun/.m2/repository/org/springframework/boot/spring-boot-starter-logging/2.0.4.RELEASE/spring-boot-starter-logging-2.0.4.RELEASE.jar:/Users/xiaoming.sun/.m2/repository/ch/qos/logback/logback-classic/1.2.3/logback-classic-1.2.3.jar:/Users/xiaoming.sun/.m2/repository/ch/qos/logback/logback-core/1.2.3/logback-core-1.2.3.jar:/Users/xiaoming.sun/.m2/repository/org/apache/logging/log4j/log4j-to-slf4j/2.10.0/log4j-to-slf4j-2.10.0.jar:/Users/xiaoming.sun/.m2/repository/org/apache/logging/log4j/log4j-api/2.10.0/log4j-api-2.10.0.jar:/Users/xiaoming.sun/.m2/repository/org/slf4j/jul-to-slf4j/1.7.25/jul-to-slf4j-1.7.25.jar:/Users/xiaoming.sun/.m2/repository/javax/annotation/javax.annotation-api/1.3.2/javax.annotation-api-1.3.2.jar:/Users/xiaoming.sun/.m2/repository/org/springframework/boot/spring-boot-actuator-autoconfigure/2.0.4.RELEASE/spring-boot-actuator-autoconfigure-2.0.4.RELEASE.jar:/Users/xiaoming.sun/.m2/repository/org/springframework/boot/spring-boot-actuator/2.0.4.RELEASE/spring-boot-actuator-2.0.4.RELEASE.jar:/Users/xiaoming.sun/.m2/repository/com/fasterxml/jackson/core/jackson-databind/2.9.6/jackson-databind-2.9.6.jar:/Users/xiaoming.sun/.m2/repository/com/fasterxml/jackson/core/jackson-annotations/2.9.0/jackson-annotations-2.9.0.jar:/Users/xiaoming.sun/.m2/repository/org/springframework/spring-context/5.0.8.RELEASE/spring-context-5.0.8.RELEASE.jar:/Users/xiaoming.sun/.m2/repository/com/fasterxml/jackson/datatype/jackson-datatype-jsr310/2.9.6/jackson-datatype-jsr310-2.9.6.jar:/Users/xiaoming.sun/.m2/repository/io/micrometer/micrometer-core/1.0.6/micrometer-core-1.0.6.jar:/Users/xiaoming.sun/.m2/repository/org/hdrhistogram/HdrHistogram/2.1.10/HdrHistogram-2.1.10.jar:/Users/xiaoming.sun/.m2/repository/org/latencyutils/LatencyUtils/2.0.3/LatencyUtils-2.0.3.jar:/Users/xiaoming.sun/.m2/repository/org/springframework/boot/spring-boot-starter-data-elasticsearch/2.0.4.RELEASE/spring-boot-starter-data-elasticsearch-2.0.4.RELEASE.jar:/Users/xiaoming.sun/.m2/repository/org/springframework/data/spring-data-elasticsearch/3.0.9.RELEASE/spring-data-elasticsearch-3.0.9.RELEASE.jar:/Users/xiaoming.sun/.m2/repository/org/springframework/spring-tx/5.0.8.RELEASE/spring-tx-5.0.8.RELEASE.jar:/Users/xiaoming.sun/.m2/repository/org/springframework/data/spring-data-commons/2.0.9.RELEASE/spring-data-commons-2.0.9.RELEASE.jar:/Users/xiaoming.sun/.m2/repository/joda-time/joda-time/2.9.9/joda-time-2.9.9.jar:/Users/xiaoming.sun/.m2/repository/org/elasticsearch/client/transport/5.5.0/transport-5.5.0.jar:/Users/xiaoming.sun/.m2/repository/org/elasticsearch/elasticsearch/5.5.0/elasticsearch-5.5.0.jar:/Users/xiaoming.sun/.m2/repository/org/apache/lucene/lucene-core/6.6.0/lucene-core-6.6.0.jar:/Users/xiaoming.sun/.m2/repository/org/apache/lucene/lucene-analyzers-common/6.6.0/lucene-analyzers-common-6.6.0.jar:/Users/xiaoming.sun/.m2/repository/org/apache/lucene/lucene-backward-codecs/6.6.0/lucene-backward-codecs-6.6.0.jar:/Users/xiaoming.sun/.m2/repository/org/apache/lucene/lucene-grouping/6.6.0/lucene-grouping-6.6.0.jar:/Users/xiaoming.sun/.m2/repository/org/apache/lucene/lucene-highlighter/6.6.0/lucene-highlighter-6.6.0.jar:/Users/xiaoming.sun/.m2/repository/org/apache/lucene/lucene-join/6.6.0/lucene-join-6.6.0.jar:/Users/xiaoming.sun/.m2/repository/org/apache/lucene/lucene-memory/6.6.0/lucene-memory-6.6.0.jar:/Users/xiaoming.sun/.m2/repository/org/apache/lucene/lucene-misc/6.6.0/lucene-misc-6.6.0.jar:/Users/xiaoming.sun/.m2/repository/org/apache/lucene/lucene-queries/6.6.0/lucene-queries-6.6.0.jar:/Users/xiaoming.sun/.m2/repository/org/apache/lucene/lucene-queryparser/6.6.0/lucene-queryparser-6.6.0.jar:/Users/xiaoming.sun/.m2/repository/org/apache/lucene/lucene-sandbox/6.6.0/lucene-sandbox-6.6.0.jar:/Users/xiaoming.sun/.m2/repository/org/apache/lucene/lucene-spatial/6.6.0/lucene-spatial-6.6.0.jar:/Users/xiaoming.sun/.m2/repository/org/apache/lucene/lucene-spatial-extras/6.6.0/lucene-spatial-extras-6.6.0.jar:/Users/xiaoming.sun/.m2/repository/org/apache/lucene/lucene-spatial3d/6.6.0/lucene-spatial3d-6.6.0.jar:/Users/xiaoming.sun/.m2/repository/org/apache/lucene/lucene-suggest/6.6.0/lucene-suggest-6.6.0.jar:/Users/xiaoming.sun/.m2/repository/org/elasticsearch/securesm/1.1/securesm-1.1.jar:/Users/xiaoming.sun/.m2/repository/net/sf/jopt-simple/jopt-simple/5.0.2/jopt-simple-5.0.2.jar:/Users/xiaoming.sun/.m2/repository/com/carrotsearch/hppc/0.7.1/hppc-0.7.1.jar:/Users/xiaoming.sun/.m2/repository/com/fasterxml/jackson/dataformat/jackson-dataformat-smile/2.8.6/jackson-dataformat-smile-2.8.6.jar:/Users/xiaoming.sun/.m2/repository/com/fasterxml/jackson/dataformat/jackson-dataformat-yaml/2.8.6/jackson-dataformat-yaml-2.8.6.jar:/Users/xiaoming.sun/.m2/repository/com/fasterxml/jackson/dataformat/jackson-dataformat-cbor/2.8.6/jackson-dataformat-cbor-2.8.6.jar:/Users/xiaoming.sun/.m2/repository/com/tdunning/t-digest/3.0/t-digest-3.0.jar:/Users/xiaoming.sun/.m2/repository/org/elasticsearch/jna/4.4.0/jna-4.4.0.jar:/Users/xiaoming.sun/.m2/repository/org/elasticsearch/plugin/reindex-client/5.5.0/reindex-client-5.5.0.jar:/Users/xiaoming.sun/.m2/repository/org/elasticsearch/client/rest/5.5.0/rest-5.5.0.jar:/Users/xiaoming.sun/.m2/repository/org/apache/httpcomponents/httpclient/4.5.2/httpclient-4.5.2.jar:/Users/xiaoming.sun/.m2/repository/org/apache/httpcomponents/httpcore/4.4.5/httpcore-4.4.5.jar:/Users/xiaoming.sun/.m2/repository/org/apache/httpcomponents/httpasyncclient/4.1.2/httpasyncclient-4.1.2.jar:/Users/xiaoming.sun/.m2/repository/org/apache/httpcomponents/httpcore-nio/4.4.5/httpcore-nio-4.4.5.jar:/Users/xiaoming.sun/.m2/repository/commons-codec/commons-codec/1.10/commons-codec-1.10.jar:/Users/xiaoming.sun/.m2/repository/org/elasticsearch/plugin/lang-mustache-client/5.5.0/lang-mustache-client-5.5.0.jar:/Users/xiaoming.sun/.m2/repository/com/github/spullara/mustache/java/compiler/0.9.3/compiler-0.9.3.jar:/Users/xiaoming.sun/.m2/repository/org/elasticsearch/plugin/percolator-client/5.5.0/percolator-client-5.5.0.jar:/Users/xiaoming.sun/.m2/repository/org/elasticsearch/plugin/parent-join-client/5.5.0/parent-join-client-5.5.0.jar:/Users/xiaoming.sun/.m2/repository/org/elasticsearch/plugin/transport-netty4-client/5.5.0/transport-netty4-client-5.5.0.jar:/Users/xiaoming.sun/.m2/repository/io/netty/netty-buffer/4.1.11.Final/netty-buffer-4.1.11.Final.jar:/Users/xiaoming.sun/.m2/repository/io/netty/netty-codec/4.1.11.Final/netty-codec-4.1.11.Final.jar:/Users/xiaoming.sun/.m2/repository/io/netty/netty-codec-http/4.1.11.Final/netty-codec-http-4.1.11.Final.jar:/Users/xiaoming.sun/.m2/repository/io/netty/netty-common/4.1.11.Final/netty-common-4.1.11.Final.jar:/Users/xiaoming.sun/.m2/repository/io/netty/netty-handler/4.1.11.Final/netty-handler-4.1.11.Final.jar:/Users/xiaoming.sun/.m2/repository/io/netty/netty-resolver/4.1.11.Final/netty-resolver-4.1.11.Final.jar:/Users/xiaoming.sun/.m2/repository/io/netty/netty-transport/4.1.11.Final/netty-transport-4.1.11.Final.jar:/Users/xiaoming.sun/.m2/repository/com/fasterxml/jackson/core/jackson-core/2.9.6/jackson-core-2.9.6.jar:/Users/xiaoming.sun/.m2/repository/org/slf4j/slf4j-api/1.7.25/slf4j-api-1.7.25.jar:/Users/xiaoming.sun/.m2/repository/org/springframework/boot/spring-boot-starter-web/2.0.4.RELEASE/spring-boot-starter-web-2.0.4.RELEASE.jar:/Users/xiaoming.sun/.m2/repository/org/springframework/boot/spring-boot-starter-json/2.0.4.RELEASE/spring-boot-starter-json-2.0.4.RELEASE.jar:/Users/xiaoming.sun/.m2/repository/com/fasterxml/jackson/datatype/jackson-datatype-jdk8/2.9.6/jackson-datatype-jdk8-2.9.6.jar:/Users/xiaoming.sun/.m2/repository/com/fasterxml/jackson/module/jackson-module-parameter-names/2.9.6/jackson-module-parameter-names-2.9.6.jar:/Users/xiaoming.sun/.m2/repository/org/springframework/boot/spring-boot-starter-tomcat/2.0.4.RELEASE/spring-boot-starter-tomcat-2.0.4.RELEASE.jar:/Users/xiaoming.sun/.m2/repository/org/apache/tomcat/embed/tomcat-embed-core/8.5.32/tomcat-embed-core-8.5.32.jar:/Users/xiaoming.sun/.m2/repository/org/apache/tomcat/embed/tomcat-embed-el/8.5.32/tomcat-embed-el-8.5.32.jar:/Users/xiaoming.sun/.m2/repository/org/apache/tomcat/embed/tomcat-embed-websocket/8.5.32/tomcat-embed-websocket-8.5.32.jar:/Users/xiaoming.sun/.m2/repository/org/hibernate/validator/hibernate-validator/6.0.11.Final/hibernate-validator-6.0.11.Final.jar:/Users/xiaoming.sun/.m2/repository/javax/validation/validation-api/2.0.1.Final/validation-api-2.0.1.Final.jar:/Users/xiaoming.sun/.m2/repository/org/jboss/logging/jboss-logging/3.3.2.Final/jboss-logging-3.3.2.Final.jar:/Users/xiaoming.sun/.m2/repository/com/fasterxml/classmate/1.3.4/classmate-1.3.4.jar:/Users/xiaoming.sun/.m2/repository/org/springframework/spring-web/5.0.8.RELEASE/spring-web-5.0.8.RELEASE.jar:/Users/xiaoming.sun/.m2/repository/org/springframework/spring-beans/5.0.8.RELEASE/spring-beans-5.0.8.RELEASE.jar:/Users/xiaoming.sun/.m2/repository/org/springframework/spring-webmvc/5.0.8.RELEASE/spring-webmvc-5.0.8.RELEASE.jar:/Users/xiaoming.sun/.m2/repository/org/springframework/spring-aop/5.0.8.RELEASE/spring-aop-5.0.8.RELEASE.jar:/Users/xiaoming.sun/.m2/repository/org/springframework/spring-expression/5.0.8.RELEASE/spring-expression-5.0.8.RELEASE.jar:/Users/xiaoming.sun/.m2/repository/org/mybatis/spring/boot/mybatis-spring-boot-starter/1.3.2/mybatis-spring-boot-starter-1.3.2.jar:/Users/xiaoming.sun/.m2/repository/org/springframework/boot/spring-boot-starter-jdbc/1.5.10.RELEASE/spring-boot-starter-jdbc-1.5.10.RELEASE.jar:/Users/xiaoming.sun/.m2/repository/org/apache/tomcat/tomcat-jdbc/8.5.27/tomcat-jdbc-8.5.27.jar:/Users/xiaoming.sun/.m2/repository/org/apache/tomcat/tomcat-juli/8.5.27/tomcat-juli-8.5.27.jar:/Users/xiaoming.sun/.m2/repository/org/springframework/spring-jdbc/4.3.14.RELEASE/spring-jdbc-4.3.14.RELEASE.jar:/Users/xiaoming.sun/.m2/repository/org/mybatis/spring/boot/mybatis-spring-boot-autoconfigure/1.3.2/mybatis-spring-boot-autoconfigure-1.3.2.jar:/Users/xiaoming.sun/.m2/repository/org/mybatis/mybatis/3.4.6/mybatis-3.4.6.jar:/Users/xiaoming.sun/.m2/repository/org/mybatis/mybatis-spring/1.3.2/mybatis-spring-1.3.2.jar:/Users/xiaoming.sun/.m2/repository/mysql/mysql-connector-java/5.1.46/mysql-connector-java-5.1.46.jar:/Users/xiaoming.sun/.m2/repository/org/projectlombok/lombok/1.16.10/lombok-1.16.10.jar:/Users/xiaoming.sun/.m2/repository/org/springframework/boot/spring-boot-starter-test/2.0.4.RELEASE/spring-boot-starter-test-2.0.4.RELEASE.jar:/Users/xiaoming.sun/.m2/repository/org/springframework/boot/spring-boot-test/2.0.4.RELEASE/spring-boot-test-2.0.4.RELEASE.jar:/Users/xiaoming.sun/.m2/repository/org/springframework/boot/spring-boot-test-autoconfigure/2.0.4.RELEASE/spring-boot-test-autoconfigure-2.0.4.RELEASE.jar:/Users/xiaoming.sun/.m2/repository/com/jayway/jsonpath/json-path/2.4.0/json-path-2.4.0.jar:/Users/xiaoming.sun/.m2/repository/net/minidev/json-smart/2.3/json-smart-2.3.jar:/Users/xiaoming.sun/.m2/repository/net/minidev/accessors-smart/1.2/accessors-smart-1.2.jar:/Users/xiaoming.sun/.m2/repository/org/ow2/asm/asm/5.0.4/asm-5.0.4.jar:/Users/xiaoming.sun/.m2/repository/junit/junit/4.12/junit-4.12.jar:/Users/xiaoming.sun/.m2/repository/org/assertj/assertj-core/3.9.1/assertj-core-3.9.1.jar:/Users/xiaoming.sun/.m2/repository/org/mockito/mockito-core/2.15.0/mockito-core-2.15.0.jar:/Users/xiaoming.sun/.m2/repository/net/bytebuddy/byte-buddy/1.7.9/byte-buddy-1.7.9.jar:/Users/xiaoming.sun/.m2/repository/net/bytebuddy/byte-buddy-agent/1.7.9/byte-buddy-agent-1.7.9.jar:/Users/xiaoming.sun/.m2/repository/org/objenesis/objenesis/2.6/objenesis-2.6.jar:/Users/xiaoming.sun/.m2/repository/org/hamcrest/hamcrest-core/1.3/hamcrest-core-1.3.jar:/Users/xiaoming.sun/.m2/repository/org/hamcrest/hamcrest-library/1.3/hamcrest-library-1.3.jar:/Users/xiaoming.sun/.m2/repository/org/skyscreamer/jsonassert/1.5.0/jsonassert-1.5.0.jar:/Users/xiaoming.sun/.m2/repository/com/vaadin/external/google/android-json/0.0.20131108.vaadin1/android-json-0.0.20131108.vaadin1.jar:/Users/xiaoming.sun/.m2/repository/org/springframework/spring-core/5.0.8.RELEASE/spring-core-5.0.8.RELEASE.jar:/Users/xiaoming.sun/.m2/repository/org/springframework/spring-jcl/5.0.8.RELEASE/spring-jcl-5.0.8.RELEASE.jar:/Users/xiaoming.sun/.m2/repository/org/springframework/spring-test/5.0.8.RELEASE/spring-test-5.0.8.RELEASE.jar:/Users/xiaoming.sun/.m2/repository/org/xmlunit/xmlunit-core/2.5.1/xmlunit-core-2.5.1.jar:/Users/xiaoming.sun/.m2/repository/org/testng/testng/6.8/testng-6.8.jar:/Users/xiaoming.sun/.m2/repository/org/beanshell/bsh/2.0b4/bsh-2.0b4.jar:/Users/xiaoming.sun/.m2/repository/com/beust/jcommander/1.27/jcommander-1.27.jar:/Users/xiaoming.sun/.m2/repository/org/yaml/snakeyaml/1.6/snakeyaml-1.6.jar:/Users/xiaoming.sun/.m2/repository/org/apache/maven/surefire/surefire-testng-utils/2.21.0/surefire-testng-utils-2.21.0.jar:/Users/xiaoming.sun/.m2/repository/org/apache/maven/surefire/surefire-grouper/2.21.0/surefire-grouper-2.21.0.jar:"/>
    <property name="java.vm.vendor" value="Oracle Corporation"/>
    <property name="sun.arch.data.model" value="64"/>
    <property name="java.vendor.url" value="http://java.oracle.com/"/>
    <property name="user.timezone" value=""/>
    <property name="java.vm.specification.version" value="1.8"/>
    <property name="os.name" value="Mac OS X"/>
    <property name="user.country" value="US"/>
    <property name="sun.java.launcher" value="SUN_STANDARD"/>
    <property name="sun.boot.library.path" value="/Library/Java/JavaVirtualMachines/jdk1.8.0_161.jdk/Contents/Home/jre/lib"/>
    <property name="sun.java.command" value="/Users/xiaoming.sun/Courses/Springboot-elasticsearch/target/surefire/surefirebooter3750740115751481556.jar /Users/xiaoming.sun/Courses/Springboot-elasticsearch/target/surefire 2018-08-06T18-01-39_007-jvmRun1 surefire3284939744680343938tmp surefire_05480219572680625342tmp"/>
    <property name="http.nonProxyHosts" value="local|*.local|169.254/16|*.169.254/16"/>
    <property name="surefire.test.class.path" value="/Users/xiaoming.sun/Courses/Springboot-elasticsearch/target/test-classes:/Users/xiaoming.sun/Courses/Springboot-elasticsearch/target/classes:/Users/xiaoming.sun/.m2/repository/org/springframework/boot/spring-boot-starter-actuator/2.0.4.RELEASE/spring-boot-starter-actuator-2.0.4.RELEASE.jar:/Users/xiaoming.sun/.m2/repository/org/springframework/boot/spring-boot-starter/2.0.4.RELEASE/spring-boot-starter-2.0.4.RELEASE.jar:/Users/xiaoming.sun/.m2/repository/org/springframework/boot/spring-boot/2.0.4.RELEASE/spring-boot-2.0.4.RELEASE.jar:/Users/xiaoming.sun/.m2/repository/org/springframework/boot/spring-boot-autoconfigure/2.0.4.RELEASE/spring-boot-autoconfigure-2.0.4.RELEASE.jar:/Users/xiaoming.sun/.m2/repository/org/springframework/boot/spring-boot-starter-logging/2.0.4.RELEASE/spring-boot-starter-logging-2.0.4.RELEASE.jar:/Users/xiaoming.sun/.m2/repository/ch/qos/logback/logback-classic/1.2.3/logback-classic-1.2.3.jar:/Users/xiaoming.sun/.m2/repository/ch/qos/logback/logback-core/1.2.3/logback-core-1.2.3.jar:/Users/xiaoming.sun/.m2/repository/org/apache/logging/log4j/log4j-to-slf4j/2.10.0/log4j-to-slf4j-2.10.0.jar:/Users/xiaoming.sun/.m2/repository/org/apache/logging/log4j/log4j-api/2.10.0/log4j-api-2.10.0.jar:/Users/xiaoming.sun/.m2/repository/org/slf4j/jul-to-slf4j/1.7.25/jul-to-slf4j-1.7.25.jar:/Users/xiaoming.sun/.m2/repository/javax/annotation/javax.annotation-api/1.3.2/javax.annotation-api-1.3.2.jar:/Users/xiaoming.sun/.m2/repository/org/springframework/boot/spring-boot-actuator-autoconfigure/2.0.4.RELEASE/spring-boot-actuator-autoconfigure-2.0.4.RELEASE.jar:/Users/xiaoming.sun/.m2/repository/org/springframework/boot/spring-boot-actuator/2.0.4.RELEASE/spring-boot-actuator-2.0.4.RELEASE.jar:/Users/xiaoming.sun/.m2/repository/com/fasterxml/jackson/core/jackson-databind/2.9.6/jackson-databind-2.9.6.jar:/Users/xiaoming.sun/.m2/repository/com/fasterxml/jackson/core/jackson-annotations/2.9.0/jackson-annotations-2.9.0.jar:/Users/xiaoming.sun/.m2/repository/org/springframework/spring-context/5.0.8.RELEASE/spring-context-5.0.8.RELEASE.jar:/Users/xiaoming.sun/.m2/repository/com/fasterxml/jackson/datatype/jackson-datatype-jsr310/2.9.6/jackson-datatype-jsr310-2.9.6.jar:/Users/xiaoming.sun/.m2/repository/io/micrometer/micrometer-core/1.0.6/micrometer-core-1.0.6.jar:/Users/xiaoming.sun/.m2/repository/org/hdrhistogram/HdrHistogram/2.1.10/HdrHistogram-2.1.10.jar:/Users/xiaoming.sun/.m2/repository/org/latencyutils/LatencyUtils/2.0.3/LatencyUtils-2.0.3.jar:/Users/xiaoming.sun/.m2/repository/org/springframework/boot/spring-boot-starter-data-elasticsearch/2.0.4.RELEASE/spring-boot-starter-data-elasticsearch-2.0.4.RELEASE.jar:/Users/xiaoming.sun/.m2/repository/org/springframework/data/spring-data-elasticsearch/3.0.9.RELEASE/spring-data-elasticsearch-3.0.9.RELEASE.jar:/Users/xiaoming.sun/.m2/repository/org/springframework/spring-tx/5.0.8.RELEASE/spring-tx-5.0.8.RELEASE.jar:/Users/xiaoming.sun/.m2/repository/org/springframework/data/spring-data-commons/2.0.9.RELEASE/spring-data-commons-2.0.9.RELEASE.jar:/Users/xiaoming.sun/.m2/repository/joda-time/joda-time/2.9.9/joda-time-2.9.9.jar:/Users/xiaoming.sun/.m2/repository/org/elasticsearch/client/transport/5.5.0/transport-5.5.0.jar:/Users/xiaoming.sun/.m2/repository/org/elasticsearch/elasticsearch/5.5.0/elasticsearch-5.5.0.jar:/Users/xiaoming.sun/.m2/repository/org/apache/lucene/lucene-core/6.6.0/lucene-core-6.6.0.jar:/Users/xiaoming.sun/.m2/repository/org/apache/lucene/lucene-analyzers-common/6.6.0/lucene-analyzers-common-6.6.0.jar:/Users/xiaoming.sun/.m2/repository/org/apache/lucene/lucene-backward-codecs/6.6.0/lucene-backward-codecs-6.6.0.jar:/Users/xiaoming.sun/.m2/repository/org/apache/lucene/lucene-grouping/6.6.0/lucene-grouping-6.6.0.jar:/Users/xiaoming.sun/.m2/repository/org/apache/lucene/lucene-highlighter/6.6.0/lucene-highlighter-6.6.0.jar:/Users/xiaoming.sun/.m2/repository/org/apache/lucene/lucene-join/6.6.0/lucene-join-6.6.0.jar:/Users/xiaoming.sun/.m2/repository/org/apache/lucene/lucene-memory/6.6.0/lucene-memory-6.6.0.jar:/Users/xiaoming.sun/.m2/repository/org/apache/lucene/lucene-misc/6.6.0/lucene-misc-6.6.0.jar:/Users/xiaoming.sun/.m2/repository/org/apache/lucene/lucene-queries/6.6.0/lucene-queries-6.6.0.jar:/Users/xiaoming.sun/.m2/repository/org/apache/lucene/lucene-queryparser/6.6.0/lucene-queryparser-6.6.0.jar:/Users/xiaoming.sun/.m2/repository/org/apache/lucene/lucene-sandbox/6.6.0/lucene-sandbox-6.6.0.jar:/Users/xiaoming.sun/.m2/repository/org/apache/lucene/lucene-spatial/6.6.0/lucene-spatial-6.6.0.jar:/Users/xiaoming.sun/.m2/repository/org/apache/lucene/lucene-spatial-extras/6.6.0/lucene-spatial-extras-6.6.0.jar:/Users/xiaoming.sun/.m2/repository/org/apache/lucene/lucene-spatial3d/6.6.0/lucene-spatial3d-6.6.0.jar:/Users/xiaoming.sun/.m2/repository/org/apache/lucene/lucene-suggest/6.6.0/lucene-suggest-6.6.0.jar:/Users/xiaoming.sun/.m2/repository/org/elasticsearch/securesm/1.1/securesm-1.1.jar:/Users/xiaoming.sun/.m2/repository/net/sf/jopt-simple/jopt-simple/5.0.2/jopt-simple-5.0.2.jar:/Users/xiaoming.sun/.m2/repository/com/carrotsearch/hppc/0.7.1/hppc-0.7.1.jar:/Users/xiaoming.sun/.m2/repository/com/fasterxml/jackson/dataformat/jackson-dataformat-smile/2.8.6/jackson-dataformat-smile-2.8.6.jar:/Users/xiaoming.sun/.m2/repository/com/fasterxml/jackson/dataformat/jackson-dataformat-yaml/2.8.6/jackson-dataformat-yaml-2.8.6.jar:/Users/xiaoming.sun/.m2/repository/com/fasterxml/jackson/dataformat/jackson-dataformat-cbor/2.8.6/jackson-dataformat-cbor-2.8.6.jar:/Users/xiaoming.sun/.m2/repository/com/tdunning/t-digest/3.0/t-digest-3.0.jar:/Users/xiaoming.sun/.m2/repository/org/elasticsearch/jna/4.4.0/jna-4.4.0.jar:/Users/xiaoming.sun/.m2/repository/org/elasticsearch/plugin/reindex-client/5.5.0/reindex-client-5.5.0.jar:/Users/xiaoming.sun/.m2/repository/org/elasticsearch/client/rest/5.5.0/rest-5.5.0.jar:/Users/xiaoming.sun/.m2/repository/org/apache/httpcomponents/httpclient/4.5.2/httpclient-4.5.2.jar:/Users/xiaoming.sun/.m2/repository/org/apache/httpcomponents/httpcore/4.4.5/httpcore-4.4.5.jar:/Users/xiaoming.sun/.m2/repository/org/apache/httpcomponents/httpasyncclient/4.1.2/httpasyncclient-4.1.2.jar:/Users/xiaoming.sun/.m2/repository/org/apache/httpcomponents/httpcore-nio/4.4.5/httpcore-nio-4.4.5.jar:/Users/xiaoming.sun/.m2/repository/commons-codec/commons-codec/1.10/commons-codec-1.10.jar:/Users/xiaoming.sun/.m2/repository/org/elasticsearch/plugin/lang-mustache-client/5.5.0/lang-mustache-client-5.5.0.jar:/Users/xiaoming.sun/.m2/repository/com/github/spullara/mustache/java/compiler/0.9.3/compiler-0.9.3.jar:/Users/xiaoming.sun/.m2/repository/org/elasticsearch/plugin/percolator-client/5.5.0/percolator-client-5.5.0.jar:/Users/xiaoming.sun/.m2/repository/org/elasticsearch/plugin/parent-join-client/5.5.0/parent-join-client-5.5.0.jar:/Users/xiaoming.sun/.m2/repository/org/elasticsearch/plugin/transport-netty4-client/5.5.0/transport-netty4-client-5.5.0.jar:/Users/xiaoming.sun/.m2/repository/io/netty/netty-buffer/4.1.11.Final/netty-buffer-4.1.11.Final.jar:/Users/xiaoming.sun/.m2/repository/io/netty/netty-codec/4.1.11.Final/netty-codec-4.1.11.Final.jar:/Users/xiaoming.sun/.m2/repository/io/netty/netty-codec-http/4.1.11.Final/netty-codec-http-4.1.11.Final.jar:/Users/xiaoming.sun/.m2/repository/io/netty/netty-common/4.1.11.Final/netty-common-4.1.11.Final.jar:/Users/xiaoming.sun/.m2/repository/io/netty/netty-handler/4.1.11.Final/netty-handler-4.1.11.Final.jar:/Users/xiaoming.sun/.m2/repository/io/netty/netty-resolver/4.1.11.Final/netty-resolver-4.1.11.Final.jar:/Users/xiaoming.sun/.m2/repository/io/netty/netty-transport/4.1.11.Final/netty-transport-4.1.11.Final.jar:/Users/xiaoming.sun/.m2/repository/com/fasterxml/jackson/core/jackson-core/2.9.6/jackson-core-2.9.6.jar:/Users/xiaoming.sun/.m2/repository/org/slf4j/slf4j-api/1.7.25/slf4j-api-1.7.25.jar:/Users/xiaoming.sun/.m2/repository/org/springframework/boot/spring-boot-starter-web/2.0.4.RELEASE/spring-boot-starter-web-2.0.4.RELEASE.jar:/Users/xiaoming.sun/.m2/repository/org/springframework/boot/spring-boot-starter-json/2.0.4.RELEASE/spring-boot-starter-json-2.0.4.RELEASE.jar:/Users/xiaoming.sun/.m2/repository/com/fasterxml/jackson/datatype/jackson-datatype-jdk8/2.9.6/jackson-datatype-jdk8-2.9.6.jar:/Users/xiaoming.sun/.m2/repository/com/fasterxml/jackson/module/jackson-module-parameter-names/2.9.6/jackson-module-parameter-names-2.9.6.jar:/Users/xiaoming.sun/.m2/repository/org/springframework/boot/spring-boot-starter-tomcat/2.0.4.RELEASE/spring-boot-starter-tomcat-2.0.4.RELEASE.jar:/Users/xiaoming.sun/.m2/repository/org/apache/tomcat/embed/tomcat-embed-core/8.5.32/tomcat-embed-core-8.5.32.jar:/Users/xiaoming.sun/.m2/repository/org/apache/tomcat/embed/tomcat-embed-el/8.5.32/tomcat-embed-el-8.5.32.jar:/Users/xiaoming.sun/.m2/repository/org/apache/tomcat/embed/tomcat-embed-websocket/8.5.32/tomcat-embed-websocket-8.5.32.jar:/Users/xiaoming.sun/.m2/repository/org/hibernate/validator/hibernate-validator/6.0.11.Final/hibernate-validator-6.0.11.Final.jar:/Users/xiaoming.sun/.m2/repository/javax/validation/validation-api/2.0.1.Final/validation-api-2.0.1.Final.jar:/Users/xiaoming.sun/.m2/repository/org/jboss/logging/jboss-logging/3.3.2.Final/jboss-logging-3.3.2.Final.jar:/Users/xiaoming.sun/.m2/repository/com/fasterxml/classmate/1.3.4/classmate-1.3.4.jar:/Users/xiaoming.sun/.m2/repository/org/springframework/spring-web/5.0.8.RELEASE/spring-web-5.0.8.RELEASE.jar:/Users/xiaoming.sun/.m2/repository/org/springframework/spring-beans/5.0.8.RELEASE/spring-beans-5.0.8.RELEASE.jar:/Users/xiaoming.sun/.m2/repository/org/springframework/spring-webmvc/5.0.8.RELEASE/spring-webmvc-5.0.8.RELEASE.jar:/Users/xiaoming.sun/.m2/repository/org/springframework/spring-aop/5.0.8.RELEASE/spring-aop-5.0.8.RELEASE.jar:/Users/xiaoming.sun/.m2/repository/org/springframework/spring-expression/5.0.8.RELEASE/spring-expression-5.0.8.RELEASE.jar:/Users/xiaoming.sun/.m2/repository/org/mybatis/spring/boot/mybatis-spring-boot-starter/1.3.2/mybatis-spring-boot-starter-1.3.2.jar:/Users/xiaoming.sun/.m2/repository/org/springframework/boot/spring-boot-starter-jdbc/1.5.10.RELEASE/spring-boot-starter-jdbc-1.5.10.RELEASE.jar:/Users/xiaoming.sun/.m2/repository/org/apache/tomcat/tomcat-jdbc/8.5.27/tomcat-jdbc-8.5.27.jar:/Users/xiaoming.sun/.m2/repository/org/apache/tomcat/tomcat-juli/8.5.27/tomcat-juli-8.5.27.jar:/Users/xiaoming.sun/.m2/repository/org/springframework/spring-jdbc/4.3.14.RELEASE/spring-jdbc-4.3.14.RELEASE.jar:/Users/xiaoming.sun/.m2/repository/org/mybatis/spring/boot/mybatis-spring-boot-autoconfigure/1.3.2/mybatis-spring-boot-autoconfigure-1.3.2.jar:/Users/xiaoming.sun/.m2/repository/org/mybatis/mybatis/3.4.6/mybatis-3.4.6.jar:/Users/xiaoming.sun/.m2/repository/org/mybatis/mybatis-spring/1.3.2/mybatis-spring-1.3.2.jar:/Users/xiaoming.sun/.m2/repository/mysql/mysql-connector-java/5.1.46/mysql-connector-java-5.1.46.jar:/Users/xiaoming.sun/.m2/repository/org/projectlombok/lombok/1.16.10/lombok-1.16.10.jar:/Users/xiaoming.sun/.m2/repository/org/springframework/boot/spring-boot-starter-test/2.0.4.RELEASE/spring-boot-starter-test-2.0.4.RELEASE.jar:/Users/xiaoming.sun/.m2/repository/org/springframework/boot/spring-boot-test/2.0.4.RELEASE/spring-boot-test-2.0.4.RELEASE.jar:/Users/xiaoming.sun/.m2/repository/org/springframework/boot/spring-boot-test-autoconfigure/2.0.4.RELEASE/spring-boot-test-autoconfigure-2.0.4.RELEASE.jar:/Users/xiaoming.sun/.m2/repository/com/jayway/jsonpath/json-path/2.4.0/json-path-2.4.0.jar:/Users/xiaoming.sun/.m2/repository/net/minidev/json-smart/2.3/json-smart-2.3.jar:/Users/xiaoming.sun/.m2/repository/net/minidev/accessors-smart/1.2/accessors-smart-1.2.jar:/Users/xiaoming.sun/.m2/repository/org/ow2/asm/asm/5.0.4/asm-5.0.4.jar:/Users/xiaoming.sun/.m2/repository/junit/junit/4.12/junit-4.12.jar:/Users/xiaoming.sun/.m2/repository/org/assertj/assertj-core/3.9.1/assertj-core-3.9.1.jar:/Users/xiaoming.sun/.m2/repository/org/mockito/mockito-core/2.15.0/mockito-core-2.15.0.jar:/Users/xiaoming.sun/.m2/repository/net/bytebuddy/byte-buddy/1.7.9/byte-buddy-1.7.9.jar:/Users/xiaoming.sun/.m2/repository/net/bytebuddy/byte-buddy-agent/1.7.9/byte-buddy-agent-1.7.9.jar:/Users/xiaoming.sun/.m2/repository/org/objenesis/objenesis/2.6/objenesis-2.6.jar:/Users/xiaoming.sun/.m2/repository/org/hamcrest/hamcrest-core/1.3/hamcrest-core-1.3.jar:/Users/xiaoming.sun/.m2/repository/org/hamcrest/hamcrest-library/1.3/hamcrest-library-1.3.jar:/Users/xiaoming.sun/.m2/repository/org/skyscreamer/jsonassert/1.5.0/jsonassert-1.5.0.jar:/Users/xiaoming.sun/.m2/repository/com/vaadin/external/google/android-json/0.0.20131108.vaadin1/android-json-0.0.20131108.vaadin1.jar:/Users/xiaoming.sun/.m2/repository/org/springframework/spring-core/5.0.8.RELEASE/spring-core-5.0.8.RELEASE.jar:/Users/xiaoming.sun/.m2/repository/org/springframework/spring-jcl/5.0.8.RELEASE/spring-jcl-5.0.8.RELEASE.jar:/Users/xiaoming.sun/.m2/repository/org/springframework/spring-test/5.0.8.RELEASE/spring-test-5.0.8.RELEASE.jar:/Users/xiaoming.sun/.m2/repository/org/xmlunit/xmlunit-core/2.5.1/xmlunit-core-2.5.1.jar:/Users/xiaoming.sun/.m2/repository/org/testng/testng/6.8/testng-6.8.jar:/Users/xiaoming.sun/.m2/repository/org/beanshell/bsh/2.0b4/bsh-2.0b4.jar:/Users/xiaoming.sun/.m2/repository/com/beust/jcommander/1.27/jcommander-1.27.jar:/Users/xiaoming.sun/.m2/repository/org/yaml/snakeyaml/1.6/snakeyaml-1.6.jar:/Users/xiaoming.sun/.m2/repository/org/apache/maven/surefire/surefire-testng-utils/2.21.0/surefire-testng-utils-2.21.0.jar:/Users/xiaoming.sun/.m2/repository/org/apache/maven/surefire/surefire-grouper/2.21.0/surefire-grouper-2.21.0.jar:"/>
    <property name="sun.cpu.endian" value="little"/>
    <property name="user.home" value="/Users/xiaoming.sun"/>
    <property name="user.language" value="en"/>
    <property name="java.specification.vendor" value="Oracle Corporation"/>
    <property name="java.home" value="/Library/Java/JavaVirtualMachines/jdk1.8.0_161.jdk/Contents/Home/jre"/>
    <property name="basedir" value="/Users/xiaoming.sun/Courses/Springboot-elasticsearch"/>
    <property name="file.separator" value="/"/>
    <property name="line.separator" value="&#10;"/>
    <property name="java.vm.specification.vendor" value="Oracle Corporation"/>
    <property name="java.specification.name" value="Java Platform API Specification"/>
    <property name="java.awt.graphicsenv" value="sun.awt.CGraphicsEnvironment"/>
    <property name="surefire.real.class.path" value="/Users/xiaoming.sun/Courses/Springboot-elasticsearch/target/surefire/surefirebooter3750740115751481556.jar"/>
    <property name="sun.boot.class.path" value="/Library/Java/JavaVirtualMachines/jdk1.8.0_161.jdk/Contents/Home/jre/lib/resources.jar:/Library/Java/JavaVirtualMachines/jdk1.8.0_161.jdk/Contents/Home/jre/lib/rt.jar:/Library/Java/JavaVirtualMachines/jdk1.8.0_161.jdk/Contents/Home/jre/lib/sunrsasign.jar:/Library/Java/JavaVirtualMachines/jdk1.8.0_161.jdk/Contents/Home/jre/lib/jsse.jar:/Library/Java/JavaVirtualMachines/jdk1.8.0_161.jdk/Contents/Home/jre/lib/jce.jar:/Library/Java/JavaVirtualMachines/jdk1.8.0_161.jdk/Contents/Home/jre/lib/charsets.jar:/Library/Java/JavaVirtualMachines/jdk1.8.0_161.jdk/Contents/Home/jre/lib/jfr.jar:/Library/Java/JavaVirtualMachines/jdk1.8.0_161.jdk/Contents/Home/jre/classes"/>
    <property name="sun.management.compiler" value="HotSpot 64-Bit Tiered Compilers"/>
    <property name="ftp.nonProxyHosts" value="local|*.local|169.254/16|*.169.254/16"/>
    <property name="java.runtime.version" value="1.8.0_161-b12"/>
    <property name="user.name" value="xiaoming.sun"/>
    <property name="path.separator" value=":"/>
    <property name="os.version" value="10.12.6"/>
    <property name="java.endorsed.dirs" value="/Library/Java/JavaVirtualMachines/jdk1.8.0_161.jdk/Contents/Home/jre/lib/endorsed"/>
    <property name="java.runtime.name" value="Java(TM) SE Runtime Environment"/>
    <property name="file.encoding" value="UTF-8"/>
    <property name="java.vm.name" value="Java HotSpot(TM) 64-Bit Server VM"/>
    <property name="localRepository" value="/Users/xiaoming.sun/.m2/repository"/>
    <property name="java.vendor.url.bug" value="http://bugreport.sun.com/bugreport/"/>
    <property name="java.io.tmpdir" value="/var/folders/3z/335kwkjd1xn2vvlkfgb1v8201njq09/T/"/>
    <property name="java.version" value="1.8.0_161"/>
    <property name="user.dir" value="/Users/xiaoming.sun/Courses/Springboot-elasticsearch"/>
    <property name="os.arch" value="x86_64"/>
    <property name="java.vm.specification.name" value="Java Virtual Machine Specification"/>
    <property name="java.awt.printerjob" value="sun.lwawt.macosx.CPrinterJob"/>
    <property name="sun.os.patch.level" value="unknown"/>
    <property name="java.library.path" value="/Users/xiaoming.sun/Library/Java/Extensions:/Library/Java/Extensions:/Network/Library/Java/Extensions:/System/Library/Java/Extensions:/usr/lib/java:."/>
    <property name="java.vm.info" value="mixed mode"/>
    <property name="java.vendor" value="Oracle Corporation"/>
    <property name="java.vm.version" value="25.161-b12"/>
    <property name="java.ext.dirs" value="/Users/xiaoming.sun/Library/Java/Extensions:/Library/Java/JavaVirtualMachines/jdk1.8.0_161.jdk/Contents/Home/jre/lib/ext:/Library/Java/Extensions:/Network/Library/Java/Extensions:/System/Library/Java/Extensions:/usr/lib/java"/>
    <property name="sun.io.unicode.encoding" value="UnicodeBig"/>
    <property name="java.class.version" value="52.0"/>
    <property name="socksNonProxyHosts" value="local|*.local|169.254/16|*.169.254/16"/>
  </properties>
  <testcase name="testCURD" classname="pers.xiaoming.elasticsearch_springboot.service.BlogServiceTest" time="0.083"/>
  <testcase name="testSearchByAuthor" classname="pers.xiaoming.elasticsearch_springboot.service.ElasticSearchServiceTest" time="0.094"/>
  <testcase name="testSearchByAuthorNot" classname="pers.xiaoming.elasticsearch_springboot.service.ElasticSearchServiceTest" time="0.122"/>
  <testcase name="testSearchByAuthorWithPage" classname="pers.xiaoming.elasticsearch_springboot.service.ElasticSearchServiceTest" time="0.02"/>
  <testcase name="testSearchByAuthorWithPageLimit1" classname="pers.xiaoming.elasticsearch_springboot.service.ElasticSearchServiceTest" time="0.005"/>
  <testcase name="testSearchByAuthorWithPageStartFromPageTwo" classname="pers.xiaoming.elasticsearch_springboot.service.ElasticSearchServiceTest" time="0.005"/>
  <testcase name="testSearchByContent" classname="pers.xiaoming.elasticsearch_springboot.service.ElasticSearchServiceTest" time="0.055"/>
  <testcase name="testSearchByTitle" classname="pers.xiaoming.elasticsearch_springboot.service.ElasticSearchServiceTest" time="0.015"/>
  <testcase name="testSearchByTitleContains" classname="pers.xiaoming.elasticsearch_springboot.service.ElasticSearchServiceTest" time="0.041"/>
  <testcase name="testSearchByTitleContainsAndAuthor" classname="pers.xiaoming.elasticsearch_springboot.service.ElasticSearchServiceTest" time="0.018"/>
</testsuite>